[debug] [2021-04-11T18:17:43.003Z] ----------------------------------------------------------------------
[debug] [2021-04-11T18:17:43.005Z] Command:       /usr/local/bin/node /usr/local/bin/firebase emulators:start
[debug] [2021-04-11T18:17:43.006Z] CLI Version:   8.10.0
[debug] [2021-04-11T18:17:43.006Z] Platform:      darwin
[debug] [2021-04-11T18:17:43.006Z] Node Version:  v15.0.1
[debug] [2021-04-11T18:17:43.007Z] Time:          Sun Apr 11 2021 23:47:43 GMT+0530 (India Standard Time)
[debug] [2021-04-11T18:17:43.007Z] ----------------------------------------------------------------------
[debug] [2021-04-11T18:17:43.007Z] 
[debug] [2021-04-11T18:17:43.014Z] > command requires scopes: ["email","openid","https://www.googleapis.com/auth/cloudplatformprojects.readonly","https://www.googleapis.com/auth/firebase","https://www.googleapis.com/auth/cloud-platform"]
[debug] [2021-04-11T18:17:43.015Z] > authorizing via signed-in user
[info] i  emulators: Starting emulators: hosting {"metadata":{"emulator":{"name":"hub"},"message":"Starting emulators: hosting"}}
[debug] [2021-04-11T18:17:43.036Z] [hub] writing locator at /var/folders/8t/bgphgm952kl8kp0sjkv6ws7h0000gn/T/hub-photogallery-20475.json
[debug] [2021-04-11T18:17:43.066Z] >>> HTTP REQUEST GET https://firebase.googleapis.com/v1beta1/projects/photogallery-20475/webApps/-/config  
 
[debug] [2021-04-11T18:17:45.650Z] <<< HTTP RESPONSE 200 {"content-type":"application/json; charset=UTF-8","vary":"X-Origin, Referer, Origin,Accept-Encoding","date":"Sun, 11 Apr 2021 18:17:44 GMT","server":"ESF","cache-control":"private","x-xss-protection":"0","x-frame-options":"SAMEORIGIN","x-content-type-options":"nosniff","alt-svc":"h3-29=\":443\"; ma=2592000,h3-T051=\":443\"; ma=2592000,h3-Q050=\":443\"; ma=2592000,h3-Q046=\":443\"; ma=2592000,h3-Q043=\":443\"; ma=2592000,quic=\":443\"; ma=2592000; v=\"46,43\"","accept-ranges":"none","transfer-encoding":"chunked"}
[info] i  hosting: Serving hosting files from: y {"metadata":{"emulator":{"name":"hosting"},"message":"Serving hosting files from: \u001b[1my\u001b[22m"}}
[info] ✔  hosting: Local server: http://localhost:5000 {"metadata":{"emulator":{"name":"hosting"},"message":"Local server: \u001b[4m\u001b[1mhttp://localhost:5000\u001b[22m\u001b[24m"}}
[info] 
┌──────────────────────────────────────────────────────────────┐
│ ✔  All emulators ready! It is now safe to connect your apps. │
└──────────────────────────────────────────────────────────────┘

┌──────────┬────────────────┐
│ Emulator │ Host:Port      │
├──────────┼────────────────┤
│ Hosting  │ localhost:5000 │
└──────────┴────────────────┘
  Other reserved ports: 4400

Issues? Report them at https://github.com/firebase/firebase-tools/issues and attach the *-debug.log files.
 
